<?xml version="1.0" encoding="UTF-8"?>
<!-- Generated by org.testng.reporters.JUnitReportReporter -->
<testsuite hostname="tvl-note" name="Tests._03_case04" tests="1" failures="0" timestamp="16 Feb 2016 09:59:04 GMT" time="26.551" errors="0">
  <testcase name="_04_T_newCustomerPayment" time="26.551" classname="Tests._03_case04"/>
</testsuite> <!-- Tests._03_case04 -->
