<?xml version="1.0" encoding="UTF-8"?>
<!-- Generated by org.testng.reporters.JUnitReportReporter -->
<testsuite hostname="tvl-note" name="Tests._09_case10" tests="1" failures="0" timestamp="20 Feb 2016 19:14:09 GMT" time="18.496" errors="0">
  <testcase name="_18_T_EmailTest" time="18.496" classname="Tests._09_case10"/>
</testsuite> <!-- Tests._09_case10 -->
