<?xml version="1.0" encoding="UTF-8"?>
<!-- Generated by org.testng.reporters.JUnitReportReporter -->
<testsuite hostname="tvl-note" name="Tests._05_case6" tests="4" failures="0" timestamp="17 Feb 2016 11:43:22 GMT" time="54.072" errors="0">
  <testcase name="_10_T_assertTotalPrice" time="2.976" classname="Tests._05_case6"/>
  <testcase name="_11_T_assertIds" time="0.044" classname="Tests._05_case6"/>
  <testcase name="_08_T_addToCartForLoginUser" time="31.190" classname="Tests._05_case6"/>
  <testcase name="_09_T_addToCartForNotLoginUser" time="19.862" classname="Tests._05_case6"/>
</testsuite> <!-- Tests._05_case6 -->
