<?xml version="1.0" encoding="UTF-8"?>
<!-- Generated by org.testng.reporters.JUnitReportReporter -->
<testsuite hostname="tvl-note" name="Tests._06_case7" tests="4" failures="0" timestamp="17 Feb 2016 15:48:33 GMT" time="111.765" errors="0">
  <testcase name="_12_T_addToCartForLoginUser" time="60.181" classname="Tests._06_case7"/>
  <testcase name="_15_T_" time="0.001" classname="Tests._06_case7"/>
  <testcase name="_13_T_addToCartAndThenAuthorized" time="51.580" classname="Tests._06_case7"/>
  <testcase name="_14_T_" time="0.003" classname="Tests._06_case7"/>
</testsuite> <!-- Tests._06_case7 -->
