<?xml version="1.0" encoding="UTF-8"?>
<!-- Generated by org.testng.reporters.JUnitReportReporter -->
<testsuite hostname="tvl-note" name="Tests._08_case9" tests="1" failures="0" timestamp="20 Feb 2016 17:53:14 GMT" time="38.903" errors="0">
  <testcase name="_16_T_LazyLoad" time="38.903" classname="Tests._08_case9"/>
</testsuite> <!-- Tests._08_case9 -->
