<?xml version="1.0" encoding="UTF-8"?>
<!-- Generated by org.testng.reporters.JUnitReportReporter -->
<testsuite hostname="tvl-note" name="Tests._04_case5" tests="2" failures="0" timestamp="16 Feb 2016 15:07:41 GMT" time="19.494" errors="0">
  <testcase name="_06_T_downloadTemplateClick" time="14.240" classname="Tests._04_case5"/>
  <testcase name="_05_T_openTemplate" time="5.254" classname="Tests._04_case5"/>
</testsuite> <!-- Tests._04_case5 -->
