<?xml version="1.0" encoding="UTF-8"?>
<!-- Generated by org.testng.reporters.JUnitReportReporter -->
<testsuite hostname="tvl-note" name="Tests._07_case8" tests="1" failures="0" timestamp="17 Feb 2016 16:41:24 GMT" time="13.120" errors="0">
  <testcase name="_16_T_LiveChat" time="13.120" classname="Tests._07_case8"/>
</testsuite> <!-- Tests._07_case8 -->
